#
# A fatal error has been detected by the Java Runtime Environment:
#
#  SIGSEGV (0xb) at pc=0x0000000129d27d54, pid=59384, tid=49155
#
# JRE version: Java(TM) SE Runtime Environment (8.0-b132) (build 1.8.0-b132)
# Java VM: Java HotSpot(TM) 64-Bit Server VM (25.0-b70 mixed mode bsd-amd64 compressed oops)
# Problematic frame:
# C  [libdcpr.dylib+0x3d54]  anglesAtan2+0xa2
#
# Failed to write core dump. Core dumps have been disabled. To enable core dumping, try "ulimit -c unlimited" before starting Java again
#
# If you would like to submit a bug report, please visit:
#   http://bugreport.sun.com/bugreport/crash.jsp
# The crash happened outside the Java Virtual Machine in native code.
# See problematic frame for where to report the bug.
#

---------------  T H R E A D  ---------------

Current thread (0x00007fc8a4a00800):  JavaThread "AWT-EventQueue-0" [_thread_in_native, id=49155, stack(0x0000000124edd000,0x0000000124fdd000)]

siginfo:si_signo=SIGSEGV: si_errno=0, si_code=1 (SEGV_MAPERR), si_addr=0x0000000029d49950

Registers:
RAX=0xffffffff80000000, RBX=0x0000000000000064, RCX=0x0000000000000c00, RDX=0x0000000129d49950
RSP=0x0000000124fd9e40, RBP=0x0000000124fd9e40, RSI=0x00007fc8a8358150, RDI=0x0000000000000064
R8 =0x00007fc8a8300000, R9 =0x00000007aab50248, R10=0x0000000000000022, R11=0x000000010b4669b8
R12=0x0000000124fd9ed0, R13=0x0000000124fd9ee8, R14=0x00007fc8a8358128, R15=0x00007fc8a8358164
RIP=0x0000000129d27d54, EFLAGS=0x0000000000010242, ERR=0x0000000000000004
  TRAPNO=0x000000000000000e

Top of Stack: (sp=0x0000000124fd9e40)
0x0000000124fd9e40:   0000000124fd9e80 0000000129d302b3
0x0000000124fd9e50:   0000000000000108 00007fff9072d868
0x0000000124fd9e60:   7f8000003fc00000 3ba3d70aff800000
0x0000000124fd9e70:   00007fc8a8357fa0 00007fc8a8358128
0x0000000124fd9e80:   0000000124fd9f20 0000000129d31d07
0x0000000124fd9e90:   00007fc8a8358450 00007fc8a834f588
0x0000000124fd9ea0:   0000000124fd9ed0 00007fff9072dc5d
0x0000000124fd9eb0:   000000010a2d1000 00007fc8a8358450
0x0000000124fd9ec0:   0000000000000108 0000000000000020
0x0000000124fd9ed0:   000000003f800000 3f80000000000000
0x0000000124fd9ee0:   0000000000000000 ffc000007f800000
0x0000000124fd9ef0:   ffc00000ff800000 00007fc8a4a009e0
0x0000000124fd9f00:   0000000000000000 0000000129b2b5e8
0x0000000124fd9f10:   00007fc8a8357fa0 00007fc8a4a00800
0x0000000124fd9f20:   0000000124fd9f40 0000000129d26db5
0x0000000124fd9f30:   0000000129b2b5f0 0000000124fd9fb8
0x0000000124fd9f40:   0000000124fd9f98 000000010bc0a66e
0x0000000124fd9f50:   0000000124fd9fb8 0000000124fd9f58
0x0000000124fd9f60:   0000000000000000 0000000124fd9fb8
0x0000000124fd9f70:   0000000129b2be80 0000000000000000
0x0000000124fd9f80:   0000000129b2b5f0 0000000000000000
0x0000000124fd9f90:   0000000124fd9fb8 0000000124fda000
0x0000000124fd9fa0:   000000010bbfd325 0000000000000000
0x0000000124fd9fb0:   000000010bc04c18 00000007aab50248
0x0000000124fd9fc0:   0000000124fd9fc0 000000011dcf7dd9
0x0000000124fd9fd0:   0000000124fda0a0 000000011dcf8f28
0x0000000124fd9fe0:   0000000000000000 000000011dcf81e8
0x0000000124fd9ff0:   0000000124fd9fb8 0000000124fda088
0x0000000124fda000:   0000000124fda0e8 000000010bbfd2e0
0x0000000124fda010:   0000000000000000 0000000000000000
0x0000000124fda020:   0000000000000000 0000000000000000
0x0000000124fda030:   0000000000000000 0000000000000000 

Instructions: (pc=0x0000000129d27d54)
0x0000000129d27d34:   5e c2 f3 0f 59 05 82 3d 01 00 f3 0f 58 05 7e 3d
0x0000000129d27d44:   01 00 f3 0f 2c c0 48 63 c0 48 8d 15 fc 1b 02 00
0x0000000129d27d54:   0f bf 04 42 eb 2d f3 0f 5e d0 f3 0f 59 15 5a 3d
0x0000000129d27d64:   01 00 f3 0f 58 15 56 3d 01 00 f3 0f 2c c2 48 63 

Register to memory mapping:

RAX=0xffffffff80000000 is an unknown value
RBX=0x0000000000000064 is an unknown value
RCX=0x0000000000000c00 is an unknown value
RDX=0x0000000129d49950: anglesOct1AtanTable+0 in /Library/Java/JavaVirtualMachines/jdk1.8.0.jdk/Contents/Home/jre/lib/libdcpr.dylib at 0x0000000129d24000
RSP=0x0000000124fd9e40 is pointing into the stack for thread: 0x00007fc8a4a00800
RBP=0x0000000124fd9e40 is pointing into the stack for thread: 0x00007fc8a4a00800
RSI=0x00007fc8a8358150 is an unknown value
RDI=0x0000000000000064 is an unknown value
R8 =0x00007fc8a8300000 is an unknown value
R9 =0x00000007aab50248 is an oop
sun.dc.pr.PathStroker 
 - klass: 'sun/dc/pr/PathStroker'
R10=0x0000000000000022 is an unknown value
R11=0x000000010b4669b8: _ZN20SafepointSynchronize18_safepoint_counterE+0 in /Library/Java/JavaVirtualMachines/jdk1.8.0.jdk/Contents/Home/jre/lib/server/libjvm.dylib at 0x000000010ac00000
R12=0x0000000124fd9ed0 is pointing into the stack for thread: 0x00007fc8a4a00800
R13=0x0000000124fd9ee8 is pointing into the stack for thread: 0x00007fc8a4a00800
R14=0x00007fc8a8358128 is an unknown value
R15=0x00007fc8a8358164 is an unknown value


Stack: [0x0000000124edd000,0x0000000124fdd000],  sp=0x0000000124fd9e40,  free space=1011k
Native frames: (J=compiled Java code, j=interpreted, Vv=VM code, C=native code)
C  [libdcpr.dylib+0x3d54]  anglesAtan2+0xa2
C  [libdcpr.dylib+0xc2b3]  fittingScale+0x2e
C  [libdcpr.dylib+0xdd07]  beginPath+0xd2
C  [libdcpr.dylib+0x2db5]  Java_sun_dc_pr_PathStroker_beginPath+0x38
j  sun.dc.pr.PathStroker.beginPath()V+0
j  sun.dc.DuctusRenderingEngine.feedConsumer(Ljava/awt/geom/PathIterator;Lsun/dc/path/PathConsumer;ZF)V+1
j  sun.dc.DuctusRenderingEngine.strokeTo(Ljava/awt/Shape;Ljava/awt/geom/AffineTransform;Ljava/awt/BasicStroke;ZZZLsun/awt/geom/PathConsumer2D;)V+164
j  sun.java2d.pipe.LoopPipe.getStrokeSpans(Lsun/java2d/SunGraphics2D;Ljava/awt/Shape;)Lsun/java2d/pipe/ShapeSpanIterator;+75
j  sun.java2d.pipe.BufferedRenderPipe.draw(Lsun/java2d/SunGraphics2D;Ljava/awt/Shape;)V+134
j  sun.java2d.pipe.PixelToShapeConverter.drawPolygon(Lsun/java2d/SunGraphics2D;[I[II)V+14
j  sun.java2d.pipe.ValidatePipe.drawPolygon(Lsun/java2d/SunGraphics2D;[I[II)V+17
j  sun.java2d.SunGraphics2D.drawPolygon([I[II)V+8
j  java.awt.Graphics.drawPolygon(Ljava/awt/Polygon;)V+13
j  mp.edu.hs.trier.de.view.maincontainers.avatar.ElementView.paintComponent(Ljava/awt/Graphics;)V+267
J 951 C1 javax.swing.JComponent.paint(Ljava/awt/Graphics;)V (409 bytes) @ 0x000000010bf4a3bc [0x000000010bf49120+0x129c]
j  javax.swing.JComponent.paintToOffscreen(Ljava/awt/Graphics;IIIIII)V+41
j  javax.swing.RepaintManager$PaintManager.paintDoubleBuffered(Ljavax/swing/JComponent;Ljava/awt/Image;Ljava/awt/Graphics;IIII)V+163
j  javax.swing.RepaintManager$PaintManager.paint(Ljavax/swing/JComponent;Ljavax/swing/JComponent;Ljava/awt/Graphics;IIII)Z+116
j  javax.swing.RepaintManager.paint(Ljavax/swing/JComponent;Ljavax/swing/JComponent;Ljava/awt/Graphics;IIII)V+51
j  javax.swing.JComponent._paintImmediately(IIII)V+683
j  javax.swing.JComponent.paintImmediately(IIII)V+138
j  javax.swing.RepaintManager$3.run()Ljava/lang/Void;+81
j  javax.swing.RepaintManager$3.run()Ljava/lang/Object;+1
v  ~StubRoutines::call_stub
V  [libjvm.dylib+0x2c54fa]  JavaCalls::call_helper(JavaValue*, methodHandle*, JavaCallArguments*, Thread*)+0x6ae
V  [libjvm.dylib+0x31ac86]  JVM_DoPrivileged+0x4b6
J 511  java.security.AccessController.doPrivileged(Ljava/security/PrivilegedAction;Ljava/security/AccessControlContext;)Ljava/lang/Object; (0 bytes) @ 0x000000010be31b15 [0x000000010be31a40+0xd5]
J 512 C1 java.security.ProtectionDomain$1.doIntersectionPrivilege(Ljava/security/PrivilegedAction;Ljava/security/AccessControlContext;Ljava/security/AccessControlContext;)Ljava/lang/Object; (32 bytes) @ 0x000000010be43894 [0x000000010be435a0+0x2f4]
j  javax.swing.RepaintManager.paintDirtyRegions(Ljava/util/Map;)V+154
j  javax.swing.RepaintManager.paintDirtyRegions()V+46
j  javax.swing.RepaintManager.prePaintDirtyRegions()V+73
j  javax.swing.RepaintManager.access$1100(Ljavax/swing/RepaintManager;)V+1
j  javax.swing.RepaintManager$ProcessingRunnable.run()V+37
J 770 C1 java.awt.event.InvocationEvent.dispatch()V (69 bytes) @ 0x000000010bee5fd4 [0x000000010bee5dc0+0x214]
J 768 C1 java.awt.EventQueue.dispatchEventImpl(Ljava/awt/AWTEvent;Ljava/lang/Object;)V (149 bytes) @ 0x000000010bee4c7c [0x000000010bee3440+0x183c]
J 708 C1 java.awt.EventQueue$3.run()Ljava/lang/Void; (60 bytes) @ 0x000000010bec45cc [0x000000010bec43c0+0x20c]
J 707 C1 java.awt.EventQueue$3.run()Ljava/lang/Object; (5 bytes) @ 0x000000010bec4084 [0x000000010bec4000+0x84]
v  ~StubRoutines::call_stub
V  [libjvm.dylib+0x2c54fa]  JavaCalls::call_helper(JavaValue*, methodHandle*, JavaCallArguments*, Thread*)+0x6ae
V  [libjvm.dylib+0x31ac86]  JVM_DoPrivileged+0x4b6
J 511  java.security.AccessController.doPrivileged(Ljava/security/PrivilegedAction;Ljava/security/AccessControlContext;)Ljava/lang/Object; (0 bytes) @ 0x000000010be31b15 [0x000000010be31a40+0xd5]
J 703 C1 java.awt.EventQueue.dispatchEvent(Ljava/awt/AWTEvent;)V (80 bytes) @ 0x000000010bec16dc [0x000000010bec0ec0+0x81c]
J 763 C1 java.awt.EventDispatchThread.pumpOneEventForFilters(I)V (295 bytes) @ 0x000000010bedd7cc [0x000000010bedbcc0+0x1b0c]
j  java.awt.EventDispatchThread.pumpEventsForFilter(ILjava/awt/Conditional;Ljava/awt/EventFilter;)V+35
j  java.awt.EventDispatchThread.pumpEventsForHierarchy(ILjava/awt/Conditional;Ljava/awt/Component;)V+11
j  java.awt.EventDispatchThread.pumpEvents(ILjava/awt/Conditional;)V+4
j  java.awt.EventDispatchThread.pumpEvents(Ljava/awt/Conditional;)V+3
j  java.awt.EventDispatchThread.run()V+9
v  ~StubRoutines::call_stub
V  [libjvm.dylib+0x2c54fa]  JavaCalls::call_helper(JavaValue*, methodHandle*, JavaCallArguments*, Thread*)+0x6ae
V  [libjvm.dylib+0x2c5c88]  JavaCalls::call_virtual(JavaValue*, KlassHandle, Symbol*, Symbol*, JavaCallArguments*, Thread*)+0x164
V  [libjvm.dylib+0x2c5e34]  JavaCalls::call_virtual(JavaValue*, Handle, KlassHandle, Symbol*, Symbol*, Thread*)+0x4a
V  [libjvm.dylib+0x31561b]  thread_entry(JavaThread*, Thread*)+0x7c
V  [libjvm.dylib+0x51d005]  JavaThread::thread_main_inner()+0x9b
V  [libjvm.dylib+0x51e742]  JavaThread::run()+0x1c2
V  [libjvm.dylib+0x445786]  java_start(Thread*)+0xf6
C  [libsystem_pthread.dylib+0x1899]  _pthread_body+0x8a
C  [libsystem_pthread.dylib+0x172a]  _pthread_struct_init+0x0
C  [libsystem_pthread.dylib+0x5fc9]  thread_start+0xd

Java frames: (J=compiled Java code, j=interpreted, Vv=VM code)
j  sun.dc.pr.PathStroker.beginPath()V+0
j  sun.dc.DuctusRenderingEngine.feedConsumer(Ljava/awt/geom/PathIterator;Lsun/dc/path/PathConsumer;ZF)V+1
j  sun.dc.DuctusRenderingEngine.strokeTo(Ljava/awt/Shape;Ljava/awt/geom/AffineTransform;Ljava/awt/BasicStroke;ZZZLsun/awt/geom/PathConsumer2D;)V+164
j  sun.java2d.pipe.LoopPipe.getStrokeSpans(Lsun/java2d/SunGraphics2D;Ljava/awt/Shape;)Lsun/java2d/pipe/ShapeSpanIterator;+75
j  sun.java2d.pipe.BufferedRenderPipe.draw(Lsun/java2d/SunGraphics2D;Ljava/awt/Shape;)V+134
j  sun.java2d.pipe.PixelToShapeConverter.drawPolygon(Lsun/java2d/SunGraphics2D;[I[II)V+14
j  sun.java2d.pipe.ValidatePipe.drawPolygon(Lsun/java2d/SunGraphics2D;[I[II)V+17
j  sun.java2d.SunGraphics2D.drawPolygon([I[II)V+8
j  java.awt.Graphics.drawPolygon(Ljava/awt/Polygon;)V+13
j  mp.edu.hs.trier.de.view.maincontainers.avatar.ElementView.paintComponent(Ljava/awt/Graphics;)V+267
J 951 C1 javax.swing.JComponent.paint(Ljava/awt/Graphics;)V (409 bytes) @ 0x000000010bf4a3bc [0x000000010bf49120+0x129c]
j  javax.swing.JComponent.paintToOffscreen(Ljava/awt/Graphics;IIIIII)V+41
j  javax.swing.RepaintManager$PaintManager.paintDoubleBuffered(Ljavax/swing/JComponent;Ljava/awt/Image;Ljava/awt/Graphics;IIII)V+163
j  javax.swing.RepaintManager$PaintManager.paint(Ljavax/swing/JComponent;Ljavax/swing/JComponent;Ljava/awt/Graphics;IIII)Z+116
j  javax.swing.RepaintManager.paint(Ljavax/swing/JComponent;Ljavax/swing/JComponent;Ljava/awt/Graphics;IIII)V+51
j  javax.swing.JComponent._paintImmediately(IIII)V+683
j  javax.swing.JComponent.paintImmediately(IIII)V+138
j  javax.swing.RepaintManager$3.run()Ljava/lang/Void;+81
j  javax.swing.RepaintManager$3.run()Ljava/lang/Object;+1
v  ~StubRoutines::call_stub
J 511  java.security.AccessController.doPrivileged(Ljava/security/PrivilegedAction;Ljava/security/AccessControlContext;)Ljava/lang/Object; (0 bytes) @ 0x000000010be31aa3 [0x000000010be31a40+0x63]
J 512 C1 java.security.ProtectionDomain$1.doIntersectionPrivilege(Ljava/security/PrivilegedAction;Ljava/security/AccessControlContext;Ljava/security/AccessControlContext;)Ljava/lang/Object; (32 bytes) @ 0x000000010be43894 [0x000000010be435a0+0x2f4]
j  javax.swing.RepaintManager.paintDirtyRegions(Ljava/util/Map;)V+154
j  javax.swing.RepaintManager.paintDirtyRegions()V+46
j  javax.swing.RepaintManager.prePaintDirtyRegions()V+73
j  javax.swing.RepaintManager.access$1100(Ljavax/swing/RepaintManager;)V+1
j  javax.swing.RepaintManager$ProcessingRunnable.run()V+37
J 770 C1 java.awt.event.InvocationEvent.dispatch()V (69 bytes) @ 0x000000010bee5fd4 [0x000000010bee5dc0+0x214]
J 768 C1 java.awt.EventQueue.dispatchEventImpl(Ljava/awt/AWTEvent;Ljava/lang/Object;)V (149 bytes) @ 0x000000010bee4c7c [0x000000010bee3440+0x183c]
J 708 C1 java.awt.EventQueue$3.run()Ljava/lang/Void; (60 bytes) @ 0x000000010bec45cc [0x000000010bec43c0+0x20c]
J 707 C1 java.awt.EventQueue$3.run()Ljava/lang/Object; (5 bytes) @ 0x000000010bec4084 [0x000000010bec4000+0x84]
v  ~StubRoutines::call_stub
J 511  java.security.AccessController.doPrivileged(Ljava/security/PrivilegedAction;Ljava/security/AccessControlContext;)Ljava/lang/Object; (0 bytes) @ 0x000000010be31aa3 [0x000000010be31a40+0x63]
J 703 C1 java.awt.EventQueue.dispatchEvent(Ljava/awt/AWTEvent;)V (80 bytes) @ 0x000000010bec16dc [0x000000010bec0ec0+0x81c]
J 763 C1 java.awt.EventDispatchThread.pumpOneEventForFilters(I)V (295 bytes) @ 0x000000010bedd7cc [0x000000010bedbcc0+0x1b0c]
j  java.awt.EventDispatchThread.pumpEventsForFilter(ILjava/awt/Conditional;Ljava/awt/EventFilter;)V+35
j  java.awt.EventDispatchThread.pumpEventsForHierarchy(ILjava/awt/Conditional;Ljava/awt/Component;)V+11
j  java.awt.EventDispatchThread.pumpEvents(ILjava/awt/Conditional;)V+4
j  java.awt.EventDispatchThread.pumpEvents(Ljava/awt/Conditional;)V+3
j  java.awt.EventDispatchThread.run()V+9
v  ~StubRoutines::call_stub

---------------  P R O C E S S  ---------------

Java Threads: ( => current thread )
  0x00007fc8a45a1800 JavaThread "TimerQueue" daemon [_thread_blocked, id=55819, stack(0x000000012a242000,0x000000012a342000)]
  0x00007fc8a4004800 JavaThread "DestroyJavaVM" [_thread_blocked, id=6403, stack(0x000000010bac0000,0x000000010bbc0000)]
=>0x00007fc8a4a00800 JavaThread "AWT-EventQueue-0" [_thread_in_native, id=49155, stack(0x0000000124edd000,0x0000000124fdd000)]
  0x00007fc8a48d4800 JavaThread "Java2D Disposer" daemon [_thread_blocked, id=48435, stack(0x0000000124d74000,0x0000000124e74000)]
  0x00007fc8a407b000 JavaThread "Java2D Queue Flusher" daemon [_thread_blocked, id=47111, stack(0x0000000124032000,0x0000000124132000)]
  0x00007fc8a3877800 JavaThread "AWT-Shutdown" [_thread_blocked, id=26895, stack(0x0000000121a82000,0x0000000121b82000)]
  0x00007fc8a3874800 JavaThread "AppKit Thread" daemon [_thread_in_native, id=3335, stack(0x00007fff55148000,0x00007fff55948000)]
  0x00007fc8a3857000 JavaThread "Service Thread" daemon [_thread_blocked, id=19715, stack(0x000000011fc4a000,0x000000011fd4a000)]
  0x00007fc8a380a000 JavaThread "C1 CompilerThread2" daemon [_thread_blocked, id=19203, stack(0x000000011fb47000,0x000000011fc47000)]
  0x00007fc8a4812800 JavaThread "C2 CompilerThread1" daemon [_thread_blocked, id=18691, stack(0x000000011fa44000,0x000000011fb44000)]
  0x00007fc8a4020800 JavaThread "C2 CompilerThread0" daemon [_thread_blocked, id=18179, stack(0x000000011f941000,0x000000011fa41000)]
  0x00007fc8a480a800 JavaThread "Signal Dispatcher" daemon [_thread_blocked, id=17667, stack(0x000000011f83e000,0x000000011f93e000)]
  0x00007fc8a401d000 JavaThread "Finalizer" daemon [_thread_blocked, id=12547, stack(0x000000011f5fe000,0x000000011f6fe000)]
  0x00007fc8a401c800 JavaThread "Reference Handler" daemon [_thread_blocked, id=12035, stack(0x000000011f4fb000,0x000000011f5fb000)]

Other Threads:
  0x00007fc8a4018000 VMThread [stack: 0x000000011f3f8000,0x000000011f4f8000] [id=11523]
  0x00007fc8a480a000 WatcherThread [stack: 0x000000011fd4d000,0x000000011fe4d000] [id=20227]

VM state:not at safepoint (normal execution)

VM Mutex/Monitor currently owned by a thread: None

Heap:
 PSYoungGen      total 3584K, used 1846K [0x00000007aab00000, 0x00000007ab200000, 0x00000007c0000000)
  eden space 2048K, 16% used [0x00000007aab00000,0x00000007aab52cd8,0x00000007aad00000)
  from space 1536K, 98% used [0x00000007ab080000,0x00000007ab1facf0,0x00000007ab200000)
  to   space 2048K, 0% used [0x00000007aae00000,0x00000007aae00000,0x00000007ab000000)
 ParOldGen       total 64000K, used 2130K [0x0000000780000000, 0x0000000783e80000, 0x00000007aab00000)
  object space 64000K, 3% used [0x0000000780000000,0x0000000780214880,0x0000000783e80000)
 Metaspace       used 12620K, capacity 12756K, committed 12928K, reserved 1060864K
  class space    used 1765K, capacity 1810K, committed 1920K, reserved 1048576K

Card table byte_map: [0x000000011afb6000,0x000000011b1b7000] byte_map_base: 0x00000001173b6000

Marking Bits: (ParMarkBitMap*) 0x000000010b4660a0
 Begin Bits: [0x000000011b719000, 0x000000011c719000)
 End Bits:   [0x000000011c719000, 0x000000011d719000)

Polling page: 0x000000010a3da000

CodeCache: size=245760Kb used=3522Kb max_used=3522Kb free=242237Kb
 bounds [0x000000010bbf6000, 0x000000010bf76000, 0x000000011abf6000]
 total_blobs=1514 nmethods=984 adapters=445
 compilation: enabled

Compilation events (10 events):
Event: 6.871 Thread 0x00007fc8a380a000  980       3       java.util.IdentityHashMap::clear (39 bytes)
Event: 6.871 Thread 0x00007fc8a380a000 nmethod 980 0x000000010bf62b90 code [0x000000010bf62d00, 0x000000010bf63050]
Event: 6.887 Thread 0x00007fc8a380a000  981   !   3       java.awt.LightweightDispatcher::eventDispatched (336 bytes)
Event: 6.887 Thread 0x00007fc8a4020800  982       4       javax.swing.JComponent::contains (27 bytes)
Event: 6.888 Thread 0x00007fc8a4020800 nmethod 982 0x000000010bf349d0 code [0x000000010bf34b00, 0x000000010bf34b98]
Event: 6.890 Thread 0x00007fc8a380a000 nmethod 981 0x000000010bf65e10 code [0x000000010bf66200, 0x000000010bf689f8]
Event: 6.890 Thread 0x00007fc8a380a000  983       1       javax.swing.JSlider::getInverted (5 bytes)
Event: 6.890 Thread 0x00007fc8a380a000 nmethod 983 0x000000010bf65b50 code [0x000000010bf65ca0, 0x000000010bf65db0]
Event: 6.902 Thread 0x00007fc8a380a000  984   !   3       sun.lwawt.LWComponentPeer::isVisible (19 bytes)
Event: 6.903 Thread 0x00007fc8a380a000 nmethod 984 0x000000010bf65590 code [0x000000010bf65700, 0x000000010bf65a90]

GC Heap History (10 events):
Event: 0.249 GC heap before
{Heap before GC invocations=2 (full 0):
 PSYoungGen      total 1024K, used 992K [0x00000007aab00000, 0x00000007aad00000, 0x00000007c0000000)
  eden space 512K, 100% used [0x00000007aab00000,0x00000007aab80000,0x00000007aab80000)
  from space 512K, 93% used [0x00000007aab80000,0x00000007aabf8020,0x00000007aac00000)
  to   space 512K, 0% used [0x00000007aac80000,0x00000007aac80000,0x00000007aad00000)
 ParOldGen       total 64000K, used 8K [0x0000000780000000, 0x0000000783e80000, 0x00000007aab00000)
  object space 64000K, 0% used [0x0000000780000000,0x0000000780002000,0x0000000783e80000)
 Metaspace       used 4267K, capacity 4630K, committed 4992K, reserved 1056768K
  class space    used 506K, capacity 522K, committed 640K, reserved 1048576K
Event: 0.251 GC heap after
Heap after GC invocations=2 (full 0):
 PSYoungGen      total 1536K, used 480K [0x00000007aab00000, 0x00000007aad00000, 0x00000007c0000000)
  eden space 1024K, 0% used [0x00000007aab00000,0x00000007aab00000,0x00000007aac00000)
  from space 512K, 93% used [0x00000007aac80000,0x00000007aacf8020,0x00000007aad00000)
  to   space 512K, 0% used [0x00000007aac00000,0x00000007aac00000,0x00000007aac80000)
 ParOldGen       total 64000K, used 128K [0x0000000780000000, 0x0000000783e80000, 0x00000007aab00000)
  object space 64000K, 0% used [0x0000000780000000,0x0000000780020000,0x0000000783e80000)
 Metaspace       used 4267K, capacity 4630K, committed 4992K, reserved 1056768K
  class space    used 506K, capacity 522K, committed 640K, reserved 1048576K
}
Event: 0.367 GC heap before
{Heap before GC invocations=3 (full 0):
 PSYoungGen      total 1536K, used 1504K [0x00000007aab00000, 0x00000007aad00000, 0x00000007c0000000)
  eden space 1024K, 100% used [0x00000007aab00000,0x00000007aac00000,0x00000007aac00000)
  from space 512K, 93% used [0x00000007aac80000,0x00000007aacf8020,0x00000007aad00000)
  to   space 512K, 0% used [0x00000007aac00000,0x00000007aac00000,0x00000007aac80000)
 ParOldGen       total 64000K, used 128K [0x0000000780000000, 0x0000000783e80000, 0x00000007aab00000)
  object space 64000K, 0% used [0x0000000780000000,0x0000000780020000,0x0000000783e80000)
 Metaspace       used 7768K, capacity 7804K, committed 8064K, reserved 1056768K
  class space    used 1027K, capacity 1038K, committed 1152K, reserved 1048576K
Event: 0.369 GC heap after
Heap after GC invocations=3 (full 0):
 PSYoungGen      total 1536K, used 480K [0x00000007aab00000, 0x00000007aae00000, 0x00000007c0000000)
  eden space 1024K, 0% used [0x00000007aab00000,0x00000007aab00000,0x00000007aac00000)
  from space 512K, 93% used [0x00000007aac00000,0x00000007aac78020,0x00000007aac80000)
  to   space 512K, 0% used [0x00000007aad80000,0x00000007aad80000,0x00000007aae00000)
 ParOldGen       total 64000K, used 668K [0x0000000780000000, 0x0000000783e80000, 0x00000007aab00000)
  object space 64000K, 1% used [0x0000000780000000,0x00000007800a7010,0x0000000783e80000)
 Metaspace       used 7768K, capacity 7804K, committed 8064K, reserved 1056768K
  class space    used 1027K, capacity 1038K, committed 1152K, reserved 1048576K
}
Event: 0.882 GC heap before
{Heap before GC invocations=4 (full 0):
 PSYoungGen      total 1536K, used 1504K [0x00000007aab00000, 0x00000007aae00000, 0x00000007c0000000)
  eden space 1024K, 100% used [0x00000007aab00000,0x00000007aac00000,0x00000007aac00000)
  from space 512K, 93% used [0x00000007aac00000,0x00000007aac78020,0x00000007aac80000)
  to   space 512K, 0% used [0x00000007aad80000,0x00000007aad80000,0x00000007aae00000)
 ParOldGen       total 64000K, used 668K [0x0000000780000000, 0x0000000783e80000, 0x00000007aab00000)
  object space 64000K, 1% used [0x0000000780000000,0x00000007800a7010,0x0000000783e80000)
 Metaspace       used 9833K, capacity 9884K, committed 10112K, reserved 1058816K
  class space    used 1371K, capacity 1390K, committed 1408K, reserved 1048576K
Event: 0.885 GC heap after
Heap after GC invocations=4 (full 0):
 PSYoungGen      total 2560K, used 512K [0x00000007aab00000, 0x00000007aae00000, 0x00000007c0000000)
  eden space 2048K, 0% used [0x00000007aab00000,0x00000007aab00000,0x00000007aad00000)
  from space 512K, 100% used [0x00000007aad80000,0x00000007aae00000,0x00000007aae00000)
  to   space 512K, 0% used [0x00000007aad00000,0x00000007aad00000,0x00000007aad80000)
 ParOldGen       total 64000K, used 1244K [0x0000000780000000, 0x0000000783e80000, 0x00000007aab00000)
  object space 64000K, 1% used [0x0000000780000000,0x0000000780137060,0x0000000783e80000)
 Metaspace       used 9833K, capacity 9884K, committed 10112K, reserved 1058816K
  class space    used 1371K, capacity 1390K, committed 1408K, reserved 1048576K
}
Event: 1.133 GC heap before
{Heap before GC invocations=5 (full 0):
 PSYoungGen      total 2560K, used 2522K [0x00000007aab00000, 0x00000007aae00000, 0x00000007c0000000)
  eden space 2048K, 98% used [0x00000007aab00000,0x00000007aacf6818,0x00000007aad00000)
  from space 512K, 100% used [0x00000007aad80000,0x00000007aae00000,0x00000007aae00000)
  to   space 512K, 0% used [0x00000007aad00000,0x00000007aad00000,0x00000007aad80000)
 ParOldGen       total 64000K, used 1244K [0x0000000780000000, 0x0000000783e80000, 0x00000007aab00000)
  object space 64000K, 1% used [0x0000000780000000,0x0000000780137060,0x0000000783e80000)
 Metaspace       used 11646K, capacity 11796K, committed 12032K, reserved 1058816K
  class space    used 1641K, capacity 1682K, committed 1792K, reserved 1048576K
Event: 1.137 GC heap after
Heap after GC invocations=5 (full 0):
 PSYoungGen      total 2560K, used 512K [0x00000007aab00000, 0x00000007ab200000, 0x00000007c0000000)
  eden space 2048K, 0% used [0x00000007aab00000,0x00000007aab00000,0x00000007aad00000)
  from space 512K, 100% used [0x00000007aad00000,0x00000007aad80000,0x00000007aad80000)
  to   space 1536K, 0% used [0x00000007ab080000,0x00000007ab080000,0x00000007ab200000)
 ParOldGen       total 64000K, used 1988K [0x0000000780000000, 0x0000000783e80000, 0x00000007aab00000)
  object space 64000K, 3% used [0x0000000780000000,0x00000007801f1060,0x0000000783e80000)
 Metaspace       used 11646K, capacity 11796K, committed 12032K, reserved 1058816K
  class space    used 1641K, capacity 1682K, committed 1792K, reserved 1048576K
}
Event: 6.383 GC heap before
{Heap before GC invocations=6 (full 0):
 PSYoungGen      total 2560K, used 2560K [0x00000007aab00000, 0x00000007ab200000, 0x00000007c0000000)
  eden space 2048K, 100% used [0x00000007aab00000,0x00000007aad00000,0x00000007aad00000)
  from space 512K, 100% used [0x00000007aad00000,0x00000007aad80000,0x00000007aad80000)
  to   space 1536K, 0% used [0x00000007ab080000,0x00000007ab080000,0x00000007ab200000)
 ParOldGen       total 64000K, used 1988K [0x0000000780000000, 0x0000000783e80000, 0x00000007aab00000)
  object space 64000K, 3% used [0x0000000780000000,0x00000007801f1060,0x0000000783e80000)
 Metaspace       used 12543K, capacity 12692K, committed 12928K, reserved 1060864K
  class space    used 1765K, capacity 1810K, committed 1920K, reserved 1048576K
Event: 6.386 GC heap after
Heap after GC invocations=6 (full 0):
 PSYoungGen      total 3584K, used 1515K [0x00000007aab00000, 0x00000007ab200000, 0x00000007c0000000)
  eden space 2048K, 0% used [0x00000007aab00000,0x00000007aab00000,0x00000007aad00000)
  from space 1536K, 98% used [0x00000007ab080000,0x00000007ab1facf0,0x00000007ab200000)
  to   space 2048K, 0% used [0x00000007aae00000,0x00000007aae00000,0x00000007ab000000)
 ParOldGen       total 64000K, used 2130K [0x0000000780000000, 0x0000000783e80000, 0x00000007aab00000)
  object space 64000K, 3% used [0x0000000780000000,0x0000000780214880,0x0000000783e80000)
 Metaspace       used 12543K, capacity 12692K, committed 12928K, reserved 1060864K
  class space    used 1765K, capacity 1810K, committed 1920K, reserved 1048576K
}

Deoptimization events (8 events):
Event: 1.081 Thread 0x00007fc8a4004800 Uncommon trap: reason=class_check action=maybe_recompile pc=0x000000010bd7100c method=java.lang.String.equals(Ljava/lang/Object;)Z @ 8
Event: 1.082 Thread 0x00007fc8a4004800 Uncommon trap: reason=class_check action=maybe_recompile pc=0x000000010bd7100c method=java.lang.String.equals(Ljava/lang/Object;)Z @ 8
Event: 1.084 Thread 0x00007fc8a4004800 Uncommon trap: reason=class_check action=maybe_recompile pc=0x000000010bd7100c method=java.lang.String.equals(Ljava/lang/Object;)Z @ 8
Event: 1.164 Thread 0x00007fc8a4a00800 Uncommon trap: reason=class_check action=maybe_recompile pc=0x000000010bd7100c method=java.lang.String.equals(Ljava/lang/Object;)Z @ 8
Event: 1.164 Thread 0x00007fc8a4a00800 Uncommon trap: reason=bimorphic action=maybe_recompile pc=0x000000010bdc3638 method=java.util.HashMap.getNode(ILjava/lang/Object;)Ljava/util/HashMap$Node; @ 126
Event: 1.196 Thread 0x00007fc8a4a00800 Uncommon trap: reason=unloaded action=reinterpret pc=0x000000010bd7f458 method=java.lang.CharacterData.of(I)Ljava/lang/CharacterData; @ 96
Event: 3.382 Thread 0x00007fc8a4a00800 Uncommon trap: reason=bimorphic action=maybe_recompile pc=0x000000010bdc3638 method=java.util.HashMap.getNode(ILjava/lang/Object;)Ljava/util/HashMap$Node; @ 126
Event: 4.077 Thread 0x00007fc8a4a00800 Uncommon trap: reason=bimorphic action=maybe_recompile pc=0x000000010bdc3638 method=java.util.HashMap.getNode(ILjava/lang/Object;)Ljava/util/HashMap$Node; @ 126

Internal exceptions (10 events):
Event: 0.917 Thread 0x00007fc8a4004800 Exception <a 'java/security/PrivilegedActionException'> (0x00000007aab9f420) thrown at [/HUDSON/workspace/8-2-build-macosx-x86_64/jdk8/2238/hotspot/src/share/vm/prims/jvm.cpp, line 1248]
Event: 0.917 Thread 0x00007fc8a4004800 Exception <a 'java/security/PrivilegedActionException'> (0x00000007aaba0cc0) thrown at [/HUDSON/workspace/8-2-build-macosx-x86_64/jdk8/2238/hotspot/src/share/vm/prims/jvm.cpp, line 1248]
Event: 0.922 Thread 0x00007fc8a4004800 Exception <a 'java/security/PrivilegedActionException'> (0x00000007aabb3670) thrown at [/HUDSON/workspace/8-2-build-macosx-x86_64/jdk8/2238/hotspot/src/share/vm/prims/jvm.cpp, line 1248]
Event: 0.922 Thread 0x00007fc8a4004800 Exception <a 'java/security/PrivilegedActionException'> (0x00000007aabb4f10) thrown at [/HUDSON/workspace/8-2-build-macosx-x86_64/jdk8/2238/hotspot/src/share/vm/prims/jvm.cpp, line 1248]
Event: 0.922 Thread 0x00007fc8a4004800 Exception <a 'java/security/PrivilegedActionException'> (0x00000007aabb7dc0) thrown at [/HUDSON/workspace/8-2-build-macosx-x86_64/jdk8/2238/hotspot/src/share/vm/prims/jvm.cpp, line 1248]
Event: 0.922 Thread 0x00007fc8a4004800 Exception <a 'java/security/PrivilegedActionException'> (0x00000007aabb96d8) thrown at [/HUDSON/workspace/8-2-build-macosx-x86_64/jdk8/2238/hotspot/src/share/vm/prims/jvm.cpp, line 1248]
Event: 1.004 Thread 0x00007fc8a4004800 Exception <a 'java/security/PrivilegedActionException'> (0x00000007aac9f638) thrown at [/HUDSON/workspace/8-2-build-macosx-x86_64/jdk8/2238/hotspot/src/share/vm/prims/jvm.cpp, line 1248]
Event: 1.005 Thread 0x00007fc8a4004800 Exception <a 'java/security/PrivilegedActionException'> (0x00000007aaca6cf0) thrown at [/HUDSON/workspace/8-2-build-macosx-x86_64/jdk8/2238/hotspot/src/share/vm/prims/jvm.cpp, line 1248]
Event: 1.137 Thread 0x00007fc8a401d000 Exception <a 'java/lang/NullPointerException'> (0x00000007aab9a2d0) thrown at [/HUDSON/workspace/8-2-build-macosx-x86_64/jdk8/2238/hotspot/src/share/vm/interpreter/linkResolver.cpp, line 1169]
Event: 6.386 Thread 0x00007fc8a401d000 Exception <a 'java/lang/NullPointerException'> (0x00000007aab02950) thrown at [/HUDSON/workspace/8-2-build-macosx-x86_64/jdk8/2238/hotspot/src/share/vm/interpreter/linkResolver.cpp, line 1169]

Events (10 events):
Event: 5.914 loading class javax/accessibility/AccessibleState
Event: 5.914 loading class javax/accessibility/AccessibleBundle
Event: 5.914 loading class javax/accessibility/AccessibleBundle done
Event: 5.914 loading class javax/accessibility/AccessibleState done
Event: 6.154 loading class javax/swing/text/AbstractDocument$UndoRedoDocumentEvent
Event: 6.154 loading class javax/swing/text/AbstractDocument$UndoRedoDocumentEvent done
Event: 6.154 loading class javax/swing/text/DefaultCaret$1
Event: 6.154 loading class javax/swing/text/DefaultCaret$1 done
Event: 6.383 Executing VM operation: ParallelGCFailedAllocation
Event: 6.386 Executing VM operation: ParallelGCFailedAllocation done


Dynamic libraries:
0x0000000005dff000 	/System/Library/Frameworks/Cocoa.framework/Versions/A/Cocoa
0x0000000005dff000 	/System/Library/Frameworks/Security.framework/Versions/A/Security
0x0000000005dff000 	/System/Library/Frameworks/ApplicationServices.framework/Versions/A/ApplicationServices
0x0000000005dff000 	/usr/lib/libz.1.dylib
0x0000000005dff000 	/usr/lib/libSystem.B.dylib
0x0000000005dff000 	/usr/lib/libobjc.A.dylib
0x0000000005dff000 	/System/Library/Frameworks/CoreFoundation.framework/Versions/A/CoreFoundation
0x0000000005dff000 	/System/Library/Frameworks/Foundation.framework/Versions/C/Foundation
0x0000000005dff000 	/System/Library/Frameworks/AppKit.framework/Versions/C/AppKit
0x0000000005dff000 	/System/Library/Frameworks/CoreData.framework/Versions/A/CoreData
0x0000000005dff000 	/System/Library/PrivateFrameworks/RemoteViewServices.framework/Versions/A/RemoteViewServices
0x0000000005dff000 	/System/Library/Frameworks/AudioToolbox.framework/Versions/A/AudioToolbox
0x0000000005dff000 	/System/Library/Frameworks/AudioUnit.framework/Versions/A/AudioUnit
0x0000000005dff000 	/System/Library/PrivateFrameworks/DataDetectorsCore.framework/Versions/A/DataDetectorsCore
0x0000000005dff000 	/System/Library/PrivateFrameworks/DesktopServicesPriv.framework/Versions/A/DesktopServicesPriv
0x0000000005dff000 	/System/Library/Frameworks/Carbon.framework/Versions/A/Frameworks/HIToolbox.framework/Versions/A/HIToolbox
0x0000000005dff000 	/System/Library/Frameworks/QuartzCore.framework/Versions/A/QuartzCore
0x0000000005dff000 	/System/Library/Frameworks/Carbon.framework/Versions/A/Frameworks/SpeechRecognition.framework/Versions/A/SpeechRecognition
0x0000000005dff000 	/usr/lib/libauto.dylib
0x0000000005dff000 	/usr/lib/libicucore.A.dylib
0x0000000005dff000 	/usr/lib/libxml2.2.dylib
0x0000000005dff000 	/System/Library/PrivateFrameworks/CoreUI.framework/Versions/A/CoreUI
0x0000000005dff000 	/System/Library/Frameworks/CoreAudio.framework/Versions/A/CoreAudio
0x0000000005dff000 	/System/Library/Frameworks/DiskArbitration.framework/Versions/A/DiskArbitration
0x0000000005dff000 	/usr/lib/liblangid.dylib
0x0000000005dff000 	/System/Library/PrivateFrameworks/MultitouchSupport.framework/Versions/A/MultitouchSupport
0x0000000005dff000 	/System/Library/Frameworks/IOKit.framework/Versions/A/IOKit
0x0000000005dff000 	/usr/lib/libDiagnosticMessagesClient.dylib
0x0000000005dff000 	/System/Library/Frameworks/CoreServices.framework/Versions/A/CoreServices
0x0000000005dff000 	/System/Library/PrivateFrameworks/PerformanceAnalysis.framework/Versions/A/PerformanceAnalysis
0x0000000005dff000 	/System/Library/PrivateFrameworks/GenerationalStorage.framework/Versions/A/GenerationalStorage
0x0000000005dff000 	/System/Library/Frameworks/OpenGL.framework/Versions/A/OpenGL
0x0000000005dff000 	/System/Library/PrivateFrameworks/Sharing.framework/Versions/A/Sharing
0x0000000005dff000 	/System/Library/Frameworks/ImageIO.framework/Versions/A/ImageIO
0x0000000005dff000 	/System/Library/Frameworks/CoreText.framework/Versions/A/CoreText
0x0000000005dff000 	/System/Library/Frameworks/CoreGraphics.framework/Versions/A/CoreGraphics
0x0000000005dff000 	/System/Library/PrivateFrameworks/Backup.framework/Versions/A/Backup
0x0000000005dff000 	/System/Library/Frameworks/CFNetwork.framework/Versions/A/CFNetwork
0x0000000005dff000 	/System/Library/Frameworks/SystemConfiguration.framework/Versions/A/SystemConfiguration
0x0000000005dff000 	/usr/lib/libCRFSuite.dylib
0x0000000005dff000 	/usr/lib/libc++.1.dylib
0x0000000005dff000 	/usr/lib/libc++abi.dylib
0x0000000005dff000 	/usr/lib/system/libcache.dylib
0x0000000005dff000 	/usr/lib/system/libcommonCrypto.dylib
0x0000000005dff000 	/usr/lib/system/libcompiler_rt.dylib
0x0000000005dff000 	/usr/lib/system/libcopyfile.dylib
0x0000000005dff000 	/usr/lib/system/libcorecrypto.dylib
0x0000000005dff000 	/usr/lib/system/libdispatch.dylib
0x0000000005dff000 	/usr/lib/system/libdyld.dylib
0x0000000005dff000 	/usr/lib/system/libkeymgr.dylib
0x0000000005dff000 	/usr/lib/system/liblaunch.dylib
0x0000000005dff000 	/usr/lib/system/libmacho.dylib
0x0000000005dff000 	/usr/lib/system/libquarantine.dylib
0x0000000005dff000 	/usr/lib/system/libremovefile.dylib
0x0000000005dff000 	/usr/lib/system/libsystem_asl.dylib
0x0000000005dff000 	/usr/lib/system/libsystem_blocks.dylib
0x0000000005dff000 	/usr/lib/system/libsystem_c.dylib
0x0000000005dff000 	/usr/lib/system/libsystem_configuration.dylib
0x0000000005dff000 	/usr/lib/system/libsystem_dnssd.dylib
0x0000000005dff000 	/usr/lib/system/libsystem_info.dylib
0x0000000005dff000 	/usr/lib/system/libsystem_kernel.dylib
0x0000000005dff000 	/usr/lib/system/libsystem_m.dylib
0x0000000005dff000 	/usr/lib/system/libsystem_malloc.dylib
0x0000000005dff000 	/usr/lib/system/libsystem_network.dylib
0x0000000005dff000 	/usr/lib/system/libsystem_notify.dylib
0x0000000005dff000 	/usr/lib/system/libsystem_platform.dylib
0x0000000005dff000 	/usr/lib/system/libsystem_pthread.dylib
0x0000000005dff000 	/usr/lib/system/libsystem_sandbox.dylib
0x0000000005dff000 	/usr/lib/system/libsystem_stats.dylib
0x0000000005dff000 	/usr/lib/system/libunc.dylib
0x0000000005dff000 	/usr/lib/system/libunwind.dylib
0x0000000005dff000 	/usr/lib/system/libxpc.dylib
0x0000000005dff000 	/usr/lib/libbsm.0.dylib
0x0000000005dff000 	/usr/lib/libsqlite3.dylib
0x0000000005dff000 	/usr/lib/libxar.1.dylib
0x0000000005dff000 	/usr/lib/libpam.2.dylib
0x0000000005dff000 	/usr/lib/libOpenScriptingUtil.dylib
0x0000000005dff000 	/usr/lib/libbz2.1.0.dylib
0x0000000005dff000 	/System/Library/Frameworks/CoreServices.framework/Versions/A/Frameworks/CarbonCore.framework/Versions/A/CarbonCore
0x0000000005dff000 	/System/Library/Frameworks/CoreServices.framework/Versions/A/Frameworks/Metadata.framework/Versions/A/Metadata
0x0000000005dff000 	/System/Library/Frameworks/CoreServices.framework/Versions/A/Frameworks/OSServices.framework/Versions/A/OSServices
0x0000000005dff000 	/System/Library/Frameworks/CoreServices.framework/Versions/A/Frameworks/SearchKit.framework/Versions/A/SearchKit
0x0000000005dff000 	/System/Library/Frameworks/CoreServices.framework/Versions/A/Frameworks/AE.framework/Versions/A/AE
0x0000000005dff000 	/System/Library/Frameworks/CoreServices.framework/Versions/A/Frameworks/LaunchServices.framework/Versions/A/LaunchServices
0x0000000005dff000 	/System/Library/Frameworks/CoreServices.framework/Versions/A/Frameworks/DictionaryServices.framework/Versions/A/DictionaryServices
0x0000000005dff000 	/System/Library/Frameworks/NetFS.framework/Versions/A/NetFS
0x0000000005dff000 	/usr/lib/system/libkxld.dylib
0x0000000005dff000 	/System/Library/PrivateFrameworks/NetAuth.framework/Versions/A/NetAuth
0x0000000005dff000 	/System/Library/PrivateFrameworks/TCC.framework/Versions/A/TCC
0x0000000005dff000 	/System/Library/Frameworks/OpenDirectory.framework/Versions/A/Frameworks/CFOpenDirectory.framework/Versions/A/CFOpenDirectory
0x0000000005dff000 	/System/Library/Frameworks/ServiceManagement.framework/Versions/A/ServiceManagement
0x0000000005dff000 	/usr/lib/libxslt.1.dylib
0x0000000005dff000 	/System/Library/Frameworks/Carbon.framework/Versions/A/Frameworks/Ink.framework/Versions/A/Ink
0x0000000005dff000 	/System/Library/Frameworks/ApplicationServices.framework/Versions/A/Frameworks/ATS.framework/Versions/A/ATS
0x0000000005dff000 	/System/Library/Frameworks/ApplicationServices.framework/Versions/A/Frameworks/ColorSync.framework/Versions/A/ColorSync
0x0000000005dff000 	/System/Library/Frameworks/ApplicationServices.framework/Versions/A/Frameworks/HIServices.framework/Versions/A/HIServices
0x0000000005dff000 	/System/Library/Frameworks/ApplicationServices.framework/Versions/A/Frameworks/LangAnalysis.framework/Versions/A/LangAnalysis
0x0000000005dff000 	/System/Library/Frameworks/ApplicationServices.framework/Versions/A/Frameworks/PrintCore.framework/Versions/A/PrintCore
0x0000000005dff000 	/System/Library/Frameworks/ApplicationServices.framework/Versions/A/Frameworks/QD.framework/Versions/A/QD
0x0000000005dff000 	/System/Library/Frameworks/ApplicationServices.framework/Versions/A/Frameworks/SpeechSynthesis.framework/Versions/A/SpeechSynthesis
0x0000000005dff000 	/System/Library/Frameworks/IOSurface.framework/Versions/A/IOSurface
0x0000000005dff000 	/System/Library/Frameworks/Accelerate.framework/Versions/A/Accelerate
0x0000000005dff000 	/System/Library/Frameworks/Accelerate.framework/Versions/A/Frameworks/vImage.framework/Versions/A/vImage
0x0000000005dff000 	/System/Library/Frameworks/Accelerate.framework/Versions/A/Frameworks/vecLib.framework/Versions/A/vecLib
0x0000000005dff000 	/System/Library/Frameworks/Accelerate.framework/Versions/A/Frameworks/vecLib.framework/Versions/A/libvDSP.dylib
0x0000000005dff000 	/System/Library/Frameworks/Accelerate.framework/Versions/A/Frameworks/vecLib.framework/Versions/A/libvMisc.dylib
0x0000000005dff000 	/System/Library/Frameworks/Accelerate.framework/Versions/A/Frameworks/vecLib.framework/Versions/A/libLAPACK.dylib
0x0000000005dff000 	/System/Library/Frameworks/Accelerate.framework/Versions/A/Frameworks/vecLib.framework/Versions/A/libBLAS.dylib
0x0000000005dff000 	/System/Library/Frameworks/ApplicationServices.framework/Versions/A/Frameworks/ATS.framework/Versions/A/Resources/libFontParser.dylib
0x0000000005dff000 	/System/Library/Frameworks/ApplicationServices.framework/Versions/A/Frameworks/ATS.framework/Versions/A/Resources/libFontRegistry.dylib
0x0000000005dff000 	/System/Library/Frameworks/ImageIO.framework/Versions/A/Resources/libJPEG.dylib
0x0000000005dff000 	/System/Library/Frameworks/ImageIO.framework/Versions/A/Resources/libTIFF.dylib
0x0000000005dff000 	/System/Library/Frameworks/ImageIO.framework/Versions/A/Resources/libPng.dylib
0x0000000005dff000 	/System/Library/Frameworks/ImageIO.framework/Versions/A/Resources/libGIF.dylib
0x0000000005dff000 	/System/Library/Frameworks/ImageIO.framework/Versions/A/Resources/libJP2.dylib
0x0000000005dff000 	/System/Library/Frameworks/ImageIO.framework/Versions/A/Resources/libRadiance.dylib
0x0000000005dff000 	/usr/lib/libcups.2.dylib
0x0000000005dff000 	/System/Library/Frameworks/Kerberos.framework/Versions/A/Kerberos
0x0000000005dff000 	/System/Library/Frameworks/GSS.framework/Versions/A/GSS
0x0000000005dff000 	/usr/lib/libresolv.9.dylib
0x0000000005dff000 	/usr/lib/libiconv.2.dylib
0x0000000005dff000 	/System/Library/PrivateFrameworks/Heimdal.framework/Versions/A/Heimdal
0x0000000005dff000 	/System/Library/PrivateFrameworks/TrustEvaluationAgent.framework/Versions/A/TrustEvaluationAgent
0x0000000005dff000 	/usr/lib/libheimdal-asn1.dylib
0x0000000005dff000 	/System/Library/Frameworks/OpenDirectory.framework/Versions/A/OpenDirectory
0x0000000005dff000 	/System/Library/PrivateFrameworks/CommonAuth.framework/Versions/A/CommonAuth
0x0000000005dff000 	/System/Library/Frameworks/SecurityFoundation.framework/Versions/A/SecurityFoundation
0x0000000005dff000 	/System/Library/PrivateFrameworks/Bom.framework/Versions/A/Bom
0x0000000005dff000 	/System/Library/Frameworks/CoreVideo.framework/Versions/A/CoreVideo
0x0000000005dff000 	/System/Library/Frameworks/QuartzCore.framework/Versions/A/Frameworks/CoreImage.framework/Versions/A/CoreImage
0x0000000005dff000 	/System/Library/Frameworks/QuartzCore.framework/Versions/A/Frameworks/ScalableUserInterface.framework/Versions/A/ScalableUserInterface
0x0000000005dff000 	/System/Library/Frameworks/OpenGL.framework/Versions/A/Libraries/libGLU.dylib
0x0000000005dff000 	/System/Library/Frameworks/OpenGL.framework/Versions/A/Libraries/libGFXShared.dylib
0x0000000005dff000 	/System/Library/Frameworks/OpenGL.framework/Versions/A/Libraries/libGL.dylib
0x0000000005dff000 	/System/Library/Frameworks/OpenGL.framework/Versions/A/Libraries/libGLImage.dylib
0x0000000005dff000 	/System/Library/Frameworks/OpenGL.framework/Versions/A/Libraries/libCVMSPluginSupport.dylib
0x0000000005dff000 	/System/Library/Frameworks/OpenGL.framework/Versions/A/Libraries/libCoreVMClient.dylib
0x0000000005dff000 	/System/Library/PrivateFrameworks/FaceCore.framework/Versions/A/FaceCore
0x0000000005dff000 	/System/Library/PrivateFrameworks/CrashReporterSupport.framework/Versions/A/CrashReporterSupport
0x0000000005dff000 	/System/Library/Frameworks/OpenCL.framework/Versions/A/OpenCL
0x0000000005dff000 	/System/Library/PrivateFrameworks/AppleFSCompression.framework/Versions/A/AppleFSCompression
0x0000000005dff000 	/System/Library/PrivateFrameworks/Ubiquity.framework/Versions/A/Ubiquity
0x0000000005dff000 	/System/Library/PrivateFrameworks/IconServices.framework/Versions/A/IconServices
0x0000000005dff000 	/System/Library/PrivateFrameworks/ChunkingLibrary.framework/Versions/A/ChunkingLibrary
0x0000000005dff000 	/System/Library/PrivateFrameworks/CoreSymbolication.framework/Versions/A/CoreSymbolication
0x0000000005dff000 	/System/Library/PrivateFrameworks/Symbolication.framework/Versions/A/Symbolication
0x0000000005dff000 	/System/Library/PrivateFrameworks/DebugSymbols.framework/Versions/A/DebugSymbols
0x000000010ac00000 	/Library/Java/JavaVirtualMachines/jdk1.8.0.jdk/Contents/Home/jre/lib/server/libjvm.dylib
0x0000000005dff000 	/usr/lib/libstdc++.6.dylib
0x000000010a3cc000 	/Library/Java/JavaVirtualMachines/jdk1.8.0.jdk/Contents/Home/jre/lib/libverify.dylib
0x000000010bbc2000 	/Library/Java/JavaVirtualMachines/jdk1.8.0.jdk/Contents/Home/jre/lib/libjava.dylib
0x000000010a3e4000 	/Library/Java/JavaVirtualMachines/jdk1.8.0.jdk/Contents/Home/jre/lib/libzip.dylib
0x000000011f700000 	/System/Library/Frameworks/JavaVM.framework/Frameworks/JavaRuntimeSupport.framework/JavaRuntimeSupport
0x000000011f718000 	/System/Library/Frameworks/JavaVM.framework/Versions/A/Frameworks/JavaNativeFoundation.framework/Versions/A/JavaNativeFoundation
0x000000010a3ee000 	/System/Library/Frameworks/JavaVM.framework/Versions/A/JavaVM
0x0000000005dff000 	/System/Library/Frameworks/Carbon.framework/Versions/A/Carbon
0x000000011f72c000 	/System/Library/PrivateFrameworks/JavaLaunching.framework/Versions/A/JavaLaunching
0x0000000005dff000 	/System/Library/Frameworks/Carbon.framework/Versions/A/Frameworks/CommonPanels.framework/Versions/A/CommonPanels
0x0000000005dff000 	/System/Library/Frameworks/Carbon.framework/Versions/A/Frameworks/Help.framework/Versions/A/Help
0x0000000005dff000 	/System/Library/Frameworks/Carbon.framework/Versions/A/Frameworks/ImageCapture.framework/Versions/A/ImageCapture
0x0000000005dff000 	/System/Library/Frameworks/Carbon.framework/Versions/A/Frameworks/OpenScripting.framework/Versions/A/OpenScripting
0x0000000005dff000 	/System/Library/Frameworks/Carbon.framework/Versions/A/Frameworks/Print.framework/Versions/A/Print
0x0000000005dff000 	/System/Library/Frameworks/Carbon.framework/Versions/A/Frameworks/SecurityHI.framework/Versions/A/SecurityHI
0x000000011fe5e000 	/Library/Java/JavaVirtualMachines/jdk1.8.0.jdk/Contents/Home/jre/lib/libawt.dylib
0x000000011ff0d000 	/Library/Java/JavaVirtualMachines/jdk1.8.0.jdk/Contents/Home/jre/lib/./libmlib_image.dylib
0x000000011ffd9000 	/Library/Java/JavaVirtualMachines/jdk1.8.0.jdk/Contents/Home/jre/lib/libawt_lwawt.dylib
0x000000012008b000 	/Library/Java/JavaVirtualMachines/jdk1.8.0.jdk/Contents/Home/jre/lib/./libosxapp.dylib
0x0000000005dff000 	/System/Library/Frameworks/ExceptionHandling.framework/Versions/A/ExceptionHandling
0x0000000005dff000 	/System/Library/PrivateFrameworks/CoreServicesInternal.framework/Versions/A/CoreServicesInternal
0x0000000005dff000 	/System/Library/PrivateFrameworks/Librarian.framework/Versions/A/Librarian
0x0000000005dff000 	/System/Library/Frameworks/CoreGraphics.framework/Versions/A/Resources/libCGCMS.A.dylib
0x0000000005dff000 	/System/Library/Frameworks/CoreGraphics.framework/Versions/A/Resources/libRIP.A.dylib
0x0000000005dff000 	/System/Library/Frameworks/CoreGraphics.framework/Versions/A/Resources/libCGXType.A.dylib
0x0000000005dff000 	/System/Library/PrivateFrameworks/FamilyControls.framework/Versions/A/FamilyControls
0x0000000005dff000 	/System/Library/PrivateFrameworks/CommerceKit.framework/Versions/A/Frameworks/CommerceCore.framework/Versions/A/CommerceCore
0x0000000005dff000 	/System/Library/PrivateFrameworks/SystemAdministration.framework/Versions/A/SystemAdministration
0x0000000005dff000 	/System/Library/Frameworks/DirectoryService.framework/Versions/A/DirectoryService
0x0000000005dff000 	/System/Library/PrivateFrameworks/DiskImages.framework/Versions/A/DiskImages
0x0000000005dff000 	/System/Library/PrivateFrameworks/LoginUIKit.framework/Versions/A/Frameworks/LoginUICore.framework/Versions/A/LoginUICore
0x0000000005dff000 	/usr/lib/libCoreStorage.dylib
0x0000000005dff000 	/usr/lib/libcsfde.dylib
0x0000000005dff000 	/usr/lib/libodfde.dylib
0x0000000005dff000 	/System/Library/Frameworks/DiscRecording.framework/Versions/A/DiscRecording
0x0000000005dff000 	/usr/lib/libcurl.4.dylib
0x0000000005dff000 	/System/Library/PrivateFrameworks/MediaKit.framework/Versions/A/MediaKit
0x0000000005dff000 	/System/Library/PrivateFrameworks/EFILogin.framework/Versions/A/EFILogin
0x0000000005dff000 	/usr/lib/libutil.dylib
0x0000000005dff000 	/System/Library/PrivateFrameworks/AOSNotification.framework/Versions/A/AOSNotification
0x0000000005dff000 	/System/Library/Frameworks/LDAP.framework/Versions/A/LDAP
0x0000000005dff000 	/usr/lib/libsasl2.2.dylib
0x0000000005dff000 	/usr/lib/libcrypto.0.9.8.dylib
0x0000000005dff000 	/usr/lib/libssl.0.9.8.dylib
0x0000000005dff000 	/System/Library/Frameworks/OpenGL.framework/Versions/A/Resources/GLEngine.bundle/GLEngine
0x0000000005dff000 	/System/Library/Frameworks/OpenGL.framework/Versions/A/Libraries/libGLProgrammability.dylib
0x0000000000000000 	/System/Library/Extensions/AppleIntelHD4000GraphicsGLDriver.bundle/Contents/MacOS/AppleIntelHD4000GraphicsGLDriver
0x0000000005dff000 	/System/Library/PrivateFrameworks/IOAccelerator.framework/Versions/A/IOAccelerator
0x0000000005dff000 	/System/Library/PrivateFrameworks/GPUSupport.framework/Versions/A/Libraries/libGPUSupportMercury.dylib
0x0000000005dff000 	/System/Library/Frameworks/OpenGL.framework/Versions/A/Resources/GLRendererFloat.bundle/GLRendererFloat
0x0000000005dff000 	/System/Library/Frameworks/OpenCL.framework/Versions/A/Libraries/libcldcpuengine.dylib
0x0000000124e76000 	/Library/Java/JavaVirtualMachines/jdk1.8.0.jdk/Contents/Home/jre/lib/libfontmanager.dylib
0x00000001218d9000 	/Library/Java/JavaVirtualMachines/jdk1.8.0.jdk/Contents/Home/jre/lib/libosxui.dylib
0x000000012547e000 	/Library/Java/JavaVirtualMachines/jdk1.8.0.jdk/Contents/Home/jre/lib/libnet.dylib
0x0000000122763000 	/Library/Java/JavaVirtualMachines/jdk1.8.0.jdk/Contents/Home/jre/lib/libnio.dylib
0x0000000129d24000 	/Library/Java/JavaVirtualMachines/jdk1.8.0.jdk/Contents/Home/jre/lib/libdcpr.dylib

VM Arguments:
jvm_args: -Dfile.encoding=UTF-8 
java_command: mp.edu.hs.trier.de.Main
java_class_path (initial): /Users/philippe/Documents/Trier/FH Trier/4 Semester/Medienprojekt/Workspace/PictoTar/bin
Launcher Type: SUN_STANDARD

Environment Variables:
PATH=/usr/bin:/bin:/usr/sbin:/sbin
SHELL=/bin/bash
DISPLAY=/tmp/launch-KF1beP/org.macosforge.xquartz:0

Signal Handlers:
SIGSEGV: [libjvm.dylib+0x55faef], sa_mask[0]=0xfffefeff, sa_flags=0x00000043
SIGBUS: [libjvm.dylib+0x55faef], sa_mask[0]=0xfffefeff, sa_flags=0x00000042
SIGFPE: [libjvm.dylib+0x44305a], sa_mask[0]=0xfffefeff, sa_flags=0x00000042
SIGPIPE: [libjvm.dylib+0x44305a], sa_mask[0]=0xfffefeff, sa_flags=0x00000042
SIGXFSZ: [libjvm.dylib+0x44305a], sa_mask[0]=0xfffefeff, sa_flags=0x00000042
SIGILL: [libjvm.dylib+0x44305a], sa_mask[0]=0xfffefeff, sa_flags=0x00000042
SIGUSR1: SIG_DFL, sa_mask[0]=0x00000000, sa_flags=0x00000002
SIGUSR2: [libjvm.dylib+0x442b78], sa_mask[0]=0x00000004, sa_flags=0x00000042
SIGHUP: [libjvm.dylib+0x440f05], sa_mask[0]=0xfffefeff, sa_flags=0x00000042
SIGINT: [libjvm.dylib+0x440f05], sa_mask[0]=0xfffefeff, sa_flags=0x00000042
SIGTERM: [libjvm.dylib+0x440f05], sa_mask[0]=0xfffefeff, sa_flags=0x00000042
SIGQUIT: [libjvm.dylib+0x440f05], sa_mask[0]=0xfffefeff, sa_flags=0x00000042


---------------  S Y S T E M  ---------------

OS:Bsduname:Darwin 13.3.0 Darwin Kernel Version 13.3.0: Tue Jun  3 21:27:35 PDT 2014; root:xnu-2422.110.17~1/RELEASE_X86_64 x86_64
rlimit: STACK 8192k, CORE 0k, NPROC 709, NOFILE 10240, AS infinity
load average:1.37 1.30 1.30

CPU:total 4 (2 cores per cpu, 2 threads per core) family 6 model 58 stepping 9, cmov, cx8, fxsr, mmx, sse, sse2, sse3, ssse3, sse4.1, sse4.2, popcnt, avx, aes, clmul, erms, ht, tsc, tscinvbit

Memory: 4k page, physical 4194304k(1635372k free)

/proc/meminfo:


vm_info: Java HotSpot(TM) 64-Bit Server VM (25.0-b70) for bsd-amd64 JRE (1.8.0-b132), built on Mar  4 2014 03:11:43 by "java_re" with gcc 4.2.1 (Based on Apple Inc. build 5658) (LLVM build 2336.11.00)

time: Tue Aug 19 15:21:29 2014
elapsed time: 7 seconds

